<?xml version="1.0" encoding="UTF-8"?>
<!-- Generated by org.testng.reporters.JUnitXMLReporter -->
<testsuite hostname="LAPTOP-0H2UAF0N" ignored="5" name="Default test" tests="1" failures="0" timestamp="2020-11-16T15:14:30 CST" time="21.238" errors="0">
  <testcase name="test10_FindPwd" time="16.663" classname="com.webtest.demo.Test_Login"/>
  <testcase name="test11_FindPwd" time="0.0" classname="com.webtest.demo.Test_Login">
    <ignored/>
  </testcase> <!-- test11_FindPwd -->
  <testcase name="test7_Login" time="0.0" classname="com.webtest.demo.Test_Login">
    <ignored/>
  </testcase> <!-- test7_Login -->
  <testcase name="test9_FindPwd" time="0.0" classname="com.webtest.demo.Test_Login">
    <ignored/>
  </testcase> <!-- test9_FindPwd -->
  <testcase name="test6_Login" time="0.0" classname="com.webtest.demo.Test_Login">
    <ignored/>
  </testcase> <!-- test6_Login -->
  <testcase name="test8_Login" time="0.0" classname="com.webtest.demo.Test_Login">
    <ignored/>
  </testcase> <!-- test8_Login -->
</testsuite> <!-- Default test -->
