<?xml version="1.0" encoding="UTF-8"?>
<testng-results skipped="0" failed="0" ignored="5" total="6" passed="1">
  <reporter-output>
  </reporter-output>
  <suite name="Default suite" duration-ms="21238" started-at="2020-11-16T15:14:09 CST" finished-at="2020-11-16T15:14:30 CST">
    <groups>
    </groups>
    <test name="Default test" duration-ms="21238" started-at="2020-11-16T15:14:09 CST" finished-at="2020-11-16T15:14:30 CST">
      <class name="com.webtest.demo.Test_Login">
        <test-method status="PASS" signature="doBeforeClass()[pri:0, instance:com.webtest.demo.Test_Login@cd2dae5]" name="doBeforeClass" is-config="true" duration-ms="4550" started-at="2020-11-16T15:14:09 CST" finished-at="2020-11-16T15:14:13 CST">
          <reporter-output>
          </reporter-output>
        </test-method> <!-- doBeforeClass -->
        <test-method status="PASS" signature="test10_FindPwd()[pri:0, instance:com.webtest.demo.Test_Login@cd2dae5]" name="test10_FindPwd" duration-ms="16663" started-at="2020-11-16T15:14:13 CST" finished-at="2020-11-16T15:14:30 CST">
          <reporter-output>
          </reporter-output>
        </test-method> <!-- test10_FindPwd -->
      </class> <!-- com.webtest.demo.Test_Login -->
    </test> <!-- Default test -->
  </suite> <!-- Default suite -->
</testng-results>
